<?xml version="1.0" encoding="UTF-8"?>
<!-- Generated by org.testng.reporters.JUnitReportReporter -->
<testsuite hostname="LAPTOP-VHN20HQL" failures="0" tests="1" name="com.Test_Merchant_TestCases.TC004_Instagram_Redirect" time="0.062" errors="0" timestamp="2025-07-11T18:13:34 IST" skipped="0">
  <testcase classname="com.Test_Merchant_TestCases.TC004_Instagram_Redirect" name="testInstagramRedirectIfForgotNotVisible" time="0.062"/>
</testsuite> <!-- com.Test_Merchant_TestCases.TC004_Instagram_Redirect -->
