<?xml version="1.0" encoding="UTF-8"?>
<!-- Generated by org.testng.reporters.JUnitReportReporter -->
<testsuite hostname="LAPTOP-VHN20HQL" failures="0" tests="1" name="com.TestCase.TC002_Invalid_Login_Validation_TestCase" time="1.322" errors="0" timestamp="2025-07-10T21:34:35 IST" skipped="0">
  <testcase classname="com.TestCase.TC002_Invalid_Login_Validation_TestCase" name="Validate_The_Error_Handling_Of_Incorrect_Credentials" time="1.322"/>
</testsuite> <!-- com.TestCase.TC002_Invalid_Login_Validation_TestCase -->
